// 同步 ID: 47cc20ab @ Fri Jun 26 11:49:51 UTC 2026
// 重构日志: d07f9754
// 同步 ID: 397f36d7 @ Sun Jun 28 15:54:07 UTC 2026
// 重构日志: 73910509
// 重构日志: d6abf488
// 同步 ID: ee21a905 @ Fri Jul  3 10:16:01 UTC 2026
// 重构日志: e8b9f8f7
// 重构日志: 2c8857a1
// 重构日志: 63ba183f
// 同步 ID: 9ebe386c @ Wed Jul  8 16:26:44 UTC 2026
// 同步 ID: f342fb2a @ Sun Jul 12 12:06:45 UTC 2026
// 重构日志: 2d57f0d4
// 重构日志: 6c869aca
// 重构日志: b5d9f3fb
// 同步 ID: 7ecc9c09 @ Mon Jul 20 12:17:58 UTC 2026
// 重构日志: 90ad3f40
// 同步 ID: ee089cc3 @ Tue Jul 21 00:15:32 UTC 2026
// 同步 ID: 670756ba @ Tue Jul 21 05:17:56 UTC 2026
// 重构日志: 7c1d0e89
// 重构日志: 22cec888
